<?xml version="1.0" encoding="UTF-8"?>
<!-- Generated by org.testng.reporters.JUnitReportReporter -->
<testsuite skipped="0" hostname="DESKTOP-8RJMFA9" name="com.samplecrm.qa.testcases.LoginPageTest" tests="3" failures="0" timestamp="2020-08-21T11:07:01 IST" time="40.087" errors="0">
  <testcase name="loginTest" time="16.831" classname="com.samplecrm.qa.testcases.LoginPageTest"/>
  <system-out/>
  <testcase name="ImageTest" time="11.682" classname="com.samplecrm.qa.testcases.LoginPageTest"/>
  <system-out/>
  <testcase name="TitleTest" time="11.574" classname="com.samplecrm.qa.testcases.LoginPageTest"/>
  <system-out/>
</testsuite> <!-- com.samplecrm.qa.testcases.LoginPageTest -->
