<?xml version="1.0" encoding="UTF-8"?>
<!-- Generated by org.testng.reporters.JUnitReportReporter -->
<testsuite hostname="DESKTOP-8RJMFA9" failures="0" tests="3" name="com.samplecrm.qa.testcases.HomePageTest" time="56.110" errors="0" timestamp="2020-08-22T22:21:48 IST" skipped="0">
  <testcase classname="com.samplecrm.qa.testcases.HomePageTest" name="verifyUserTest" time="19.980"/>
  <system-out/>
  <testcase classname="com.samplecrm.qa.testcases.HomePageTest" name="clickContactsLinkTest" time="18.786"/>
  <system-out/>
  <testcase classname="com.samplecrm.qa.testcases.HomePageTest" name="verifyCRMImageTest" time="17.344"/>
  <system-out/>
</testsuite> <!-- com.samplecrm.qa.testcases.HomePageTest -->
