<?xml version="1.0" encoding="UTF-8"?>
<!-- Generated by org.testng.reporters.JUnitReportReporter -->
<testsuite hostname="DESKTOP-8RJMFA9" failures="0" tests="3" name="com.samplecrm.qa.testcases.LoginPageTest" time="39.018" errors="0" timestamp="2020-08-22T22:21:48 IST" skipped="0">
  <testcase classname="com.samplecrm.qa.testcases.LoginPageTest" name="TitleTest" time="10.364"/>
  <system-out/>
  <testcase classname="com.samplecrm.qa.testcases.LoginPageTest" name="ImageTest" time="11.107"/>
  <system-out/>
  <testcase classname="com.samplecrm.qa.testcases.LoginPageTest" name="loginTest" time="17.547"/>
  <system-out/>
</testsuite> <!-- com.samplecrm.qa.testcases.LoginPageTest -->
